<?xml version="1.0" encoding="UTF-8"?>
<!-- Generated by org.testng.reporters.JUnitReportReporter -->
<testsuite skipped="1" hostname="WPUAY10WJULA" name="pkgSendMail.addUsersVerify" tests="1" failures="0" timestamp="06 May 2021 07:25:22 GMT" time="0.000" errors="0">
  <testcase name="Login" time="0.000" classname="pkgSendMail.addUsersVerify">
    <skipped/>
  </testcase> <!-- Login -->
</testsuite> <!-- pkgSendMail.addUsersVerify -->
